mode: set
ocularminds.com/greetings/greetings.go:11.13,13.2 1 1
ocularminds.com/greetings/greetings.go:17.41,19.16 1 1
ocularminds.com/greetings/greetings.go:22.2,23.21 2 1
ocularminds.com/greetings/greetings.go:19.16,21.3 1 1
ocularminds.com/greetings/greetings.go:27.56,29.29 2 1
ocularminds.com/greetings/greetings.go:36.2,36.22 1 1
ocularminds.com/greetings/greetings.go:29.29,31.17 2 1
ocularminds.com/greetings/greetings.go:34.3,34.27 1 1
ocularminds.com/greetings/greetings.go:31.17,33.4 1 1
ocularminds.com/greetings/greetings.go:40.47,41.16 1 1
ocularminds.com/greetings/greetings.go:44.2,44.47 1 1
ocularminds.com/greetings/greetings.go:41.16,43.3 1 1
ocularminds.com/greetings/greetings.go:47.28,51.2 2 1
ocularminds.com/greetings/greetings.go:54.21,56.2 1 1
